<?xml version="1.0" encoding="UTF-8"?>
<!-- Generated by org.testng.reporters.JUnitReportReporter -->
<testsuite hostname="Soumya" name="robotpak.robotcls" tests="1" failures="0" timestamp="21 May 2017 07:09:31 GMT" time="32.680" errors="0">
  <testcase name="set" time="32.680" classname="robotpak.robotcls"/>
</testsuite> <!-- robotpak.robotcls -->
